2021-06-24 06:59:01 [@DESKTOP-GR631TV]
Internal #1: Launch createinquest
2021-06-24 06:59:31 [@DESKTOP-GR631TV]
Internal #1: Launch watcher
2021-06-24 07:23:24 [5@DESKTOP-GR631TV]
Internal #1: Launch ticketrecurrent
2021-06-24 07:28:54 [5@DESKTOP-GR631TV]
Internal #1: Launch planningrecall
2021-06-24 08:37:15 [@DESKTOP-GR631TV]
Internal #1: Launch queuednotification
2021-06-24 08:46:45 [2@DESKTOP-GR631TV]
Internal #1: Launch queuednotificationclean
2021-06-24 09:10:46 [@DESKTOP-GR631TV]
Internal #1: Launch temp
2021-06-24 09:11:03 [@DESKTOP-GR631TV]
Internal #1: Launch mailgateerror
2021-06-24 09:26:33 [2@DESKTOP-GR631TV]
Internal #1: Launch contract
2021-06-24 09:31:38 [2@DESKTOP-GR631TV]
Internal #1: Launch infocom
2021-06-24 09:54:40 [2@DESKTOP-GR631TV]
Internal #1: Launch mailgate
2021-06-24 10:03:01 [2@DESKTOP-GR631TV]
Internal #1: Launch session
2021-06-24 10:13:29 [2@DESKTOP-GR631TV]
Internal #1: Launch graph
2021-06-24 10:44:01 [2@DESKTOP-GR631TV]
Internal #1: Launch reservation
2021-06-24 11:05:56 [2@DESKTOP-GR631TV]
Internal #1: Launch closeticket
2021-06-24 11:17:56 [2@DESKTOP-GR631TV]
Internal #1: Launch alertnotclosed
2021-06-25 03:34:02 [@DESKTOP-GR631TV]
Internal #1: Launch slaticket
2021-06-25 03:34:14 [@DESKTOP-GR631TV]
Internal #1: Launch olaticket
2021-06-25 04:12:36 [5@DESKTOP-GR631TV]
Internal #1: Launch planningrecall
2021-06-25 04:19:12 [5@DESKTOP-GR631TV]
Internal #1: Launch ticketrecurrent
2021-06-25 04:24:25 [5@DESKTOP-GR631TV]
Nội bộ #1: Phóng queuednotification
2021-06-25 04:25:36 [@DESKTOP-GR631TV]
Internal #1: Launch mailgate
2021-06-25 04:30:54 [2@DESKTOP-GR631TV]
Internal #1: Launch temp
2021-06-25 04:32:19 [@DESKTOP-GR631TV]
Internal #1: Launch graph
2021-06-25 04:35:25 [@DESKTOP-GR631TV]
Internal #1: Launch reservation
2021-06-25 04:37:32 [@DESKTOP-GR631TV]
Internal #1: Launch closeticket
2021-06-25 04:39:28 [@DESKTOP-GR631TV]
Internal #1: Launch alertnotclosed
2021-06-25 04:39:52 [@DESKTOP-GR631TV]
Internal #1: Launch slaticket
2021-06-25 04:45:05 [2@DESKTOP-GR631TV]
Internal #1: Launch olaticket
2021-06-25 04:45:36 [@DESKTOP-GR631TV]
Internal #1: Launch planningrecall
2021-06-25 04:46:36 [@DESKTOP-GR631TV]
Internal #1: Launch queuednotification
2021-06-25 06:57:26 [2@DESKTOP-GR631TV]
Internal #1: Launch mailgate
2021-06-25 07:08:19 [2@DESKTOP-GR631TV]
Internal #1: Launch slaticket
2021-06-25 07:15:20 [2@DESKTOP-GR631TV]
Internal #1: Launch queuednotification
2021-06-25 07:17:19 [@DESKTOP-GR631TV]
Internal #1: Launch planningrecall
2021-06-25 07:22:44 [4@DESKTOP-GR631TV]
Internal #1: Launch olaticket
2021-06-25 07:23:41 [@DESKTOP-GR631TV]
Internal #1: Launch ticketrecurrent
2021-06-25 07:24:14 [@DESKTOP-GR631TV]
Internal #1: Launch temp
2021-06-25 07:30:10 [2@DESKTOP-GR631TV]
Internal #1: Launch graph
2021-06-25 07:35:21 [2@DESKTOP-GR631TV]
Internal #1: Launch reservation
2021-06-25 08:19:08 [2@DESKTOP-GR631TV]
Internal #1: Launch createinquest
