2021-06-24 07:00:35 [@DESKTOP-GR631TV]
[login] 3: normal login from IP ::1
2021-06-24 08:37:28 [@DESKTOP-GR631TV]
[login] 3: glpi login from IP ::1
2021-06-24 09:10:02 [@DESKTOP-GR631TV]
[login] 3: glpi login from IP ::1
2021-06-24 09:10:04 [@DESKTOP-GR631TV]
[login] 3: glpi login from IP ::1
2021-06-24 09:11:11 [@DESKTOP-GR631TV]
[login] 3: glpi login from IP ::1
2021-06-25 03:29:26 [@DESKTOP-GR631TV]
[login] 3: glpi login from IP ::1
2021-06-25 03:34:31 [@DESKTOP-GR631TV]
[login] 3: normal login from IP ::1
2021-06-25 04:07:35 [@DESKTOP-GR631TV]
[login] 3: normal login from IP ::1
2021-06-25 04:07:35 [@DESKTOP-GR631TV]
[login] 3: normal login from IP ::1
2021-06-25 04:25:47 [@DESKTOP-GR631TV]
[login] 3: glpi login from IP ::1
2021-06-25 04:32:32 [@DESKTOP-GR631TV]
[login] 3: siengly login from IP ::1
2021-06-25 04:35:33 [@DESKTOP-GR631TV]
[login] 3: tech login from IP ::1
2021-06-25 04:37:58 [@DESKTOP-GR631TV]
[login] 3: post-only login from IP ::1
2021-06-25 04:39:37 [@DESKTOP-GR631TV]
[login] 3: siengly login from IP ::1
2021-06-25 04:40:02 [@DESKTOP-GR631TV]
[login] 3: glpi login from IP ::1
2021-06-25 04:45:47 [@DESKTOP-GR631TV]
[login] 3: siengly login from IP ::1
2021-06-25 04:46:47 [@DESKTOP-GR631TV]
[login] 3: glpi login from IP ::1
2021-06-25 06:29:46 [@DESKTOP-GR631TV]
[login] 3: glpi login from IP ::1
2021-06-25 07:17:27 [@DESKTOP-GR631TV]
[login] 3: tech login from IP ::1
2021-06-25 07:23:50 [@DESKTOP-GR631TV]
[login] 3: normal login from IP ::1
2021-06-25 07:24:26 [@DESKTOP-GR631TV]
[login] 3: glpi login from IP ::1
2021-07-01 06:44:37 [@DESKTOP-MNTKRCI]
[login] 3: glpi login from IP 127.0.0.1
